<?xml version="1.0" encoding="UTF-8"?>
<Site BuildName="(empty)"
	BuildStamp="20231215-2115-Experimental"
	Name="emine-TULPAR-T5-V21-6"
	Generator="ctest-3.16.3"
	CompilerName="/usr/bin/c++"
	CompilerVersion="9.4.0"
	OSName="Linux"
	Hostname="emine-TULPAR-T5-V21-6"
	OSRelease="5.15.0-91-generic"
	OSVersion="#101~20.04.1-Ubuntu SMP Thu Nov 16 14:22:28 UTC 2023"
	OSPlatform="x86_64"
	Is64Bits="1"
	VendorString="GenuineIntel"
	VendorID="Intel Corporation"
	FamilyID="6"
	ModelID="141"
	ProcessorCacheSize="24576"
	NumberOfLogicalCPU="16"
	NumberOfPhysicalCPU="8"
	TotalVirtualMemory="2047"
	TotalPhysicalMemory="15729"
	LogicalProcessorsPerPhysical="2"
	ProcessorClockFrequency="2300"
	>
	<Testing>
		<StartDateTime>Dec 16 00:15 +03</StartDateTime>
		<StartTestTime>1702674948</StartTestTime>
		<TestList>
			<Test>./copyright</Test>
			<Test>./cppcheck</Test>
			<Test>./cpplint</Test>
			<Test>./lint_cmake</Test>
			<Test>./uncrustify</Test>
			<Test>./xmllint</Test>
		</TestList>
		<Test Status="passed">
			<Name>copyright</Name>
			<Path>.</Path>
			<FullName>./copyright</FullName>
			<FullCommandLine>/usr/bin/python3 "-u" "/opt/ros/foxy/share/ament_cmake_test/cmake/run_test.py" "/home/emine/ros2_ws/build/examples_rclcpp_minimal_composition/test_results/examples_rclcpp_minimal_composition/copyright.xunit.xml" "--package-name" "examples_rclcpp_minimal_composition" "--output-file" "/home/emine/ros2_ws/build/examples_rclcpp_minimal_composition/ament_copyright/copyright.txt" "--command" "/opt/ros/foxy/bin/ament_copyright" "--xunit-file" "/home/emine/ros2_ws/build/examples_rclcpp_minimal_composition/test_results/examples_rclcpp_minimal_composition/copyright.xunit.xml"</FullCommandLine>
			<Results>
				<NamedMeasurement type="numeric/double" name="Execution Time">
					<Value>0.316318</Value>
				</NamedMeasurement>
				<NamedMeasurement type="numeric/double" name="Processors">
					<Value>1</Value>
				</NamedMeasurement>
				<NamedMeasurement type="text/string" name="Completion Status">
					<Value>Completed</Value>
				</NamedMeasurement>
				<NamedMeasurement type="text/string" name="Command Line">
					<Value>/usr/bin/python3 "-u" "/opt/ros/foxy/share/ament_cmake_test/cmake/run_test.py" "/home/emine/ros2_ws/build/examples_rclcpp_minimal_composition/test_results/examples_rclcpp_minimal_composition/copyright.xunit.xml" "--package-name" "examples_rclcpp_minimal_composition" "--output-file" "/home/emine/ros2_ws/build/examples_rclcpp_minimal_composition/ament_copyright/copyright.txt" "--command" "/opt/ros/foxy/bin/ament_copyright" "--xunit-file" "/home/emine/ros2_ws/build/examples_rclcpp_minimal_composition/test_results/examples_rclcpp_minimal_composition/copyright.xunit.xml"</Value>
				</NamedMeasurement>
				<Measurement>
					<Value>-- run_test.py: invoking following command in '/home/emine/ros2_ws/src/examples/rclcpp/composition/minimal_composition':
 - /opt/ros/foxy/bin/ament_copyright --xunit-file /home/emine/ros2_ws/build/examples_rclcpp_minimal_composition/test_results/examples_rclcpp_minimal_composition/copyright.xunit.xml
No problems found, checked 8 files
-- run_test.py: return code 0
-- run_test.py: verify result file '/home/emine/ros2_ws/build/examples_rclcpp_minimal_composition/test_results/examples_rclcpp_minimal_composition/copyright.xunit.xml'
</Value>
				</Measurement>
			</Results>
			<Labels>
				<Label>copyright</Label>
				<Label>linter</Label>
			</Labels>
		</Test>
		<Test Status="passed">
			<Name>cppcheck</Name>
			<Path>.</Path>
			<FullName>./cppcheck</FullName>
			<FullCommandLine>/usr/bin/python3 "-u" "/opt/ros/foxy/share/ament_cmake_test/cmake/run_test.py" "/home/emine/ros2_ws/build/examples_rclcpp_minimal_composition/test_results/examples_rclcpp_minimal_composition/cppcheck.xunit.xml" "--package-name" "examples_rclcpp_minimal_composition" "--output-file" "/home/emine/ros2_ws/build/examples_rclcpp_minimal_composition/ament_cppcheck/cppcheck.txt" "--command" "/opt/ros/foxy/bin/ament_cppcheck" "--xunit-file" "/home/emine/ros2_ws/build/examples_rclcpp_minimal_composition/test_results/examples_rclcpp_minimal_composition/cppcheck.xunit.xml" "--include_dirs" "/home/emine/ros2_ws/src/examples/rclcpp/composition/minimal_composition/include"</FullCommandLine>
			<Results>
				<NamedMeasurement type="numeric/double" name="Execution Time">
					<Value>0.354354</Value>
				</NamedMeasurement>
				<NamedMeasurement type="numeric/double" name="Processors">
					<Value>1</Value>
				</NamedMeasurement>
				<NamedMeasurement type="text/string" name="Completion Status">
					<Value>Completed</Value>
				</NamedMeasurement>
				<NamedMeasurement type="text/string" name="Command Line">
					<Value>/usr/bin/python3 "-u" "/opt/ros/foxy/share/ament_cmake_test/cmake/run_test.py" "/home/emine/ros2_ws/build/examples_rclcpp_minimal_composition/test_results/examples_rclcpp_minimal_composition/cppcheck.xunit.xml" "--package-name" "examples_rclcpp_minimal_composition" "--output-file" "/home/emine/ros2_ws/build/examples_rclcpp_minimal_composition/ament_cppcheck/cppcheck.txt" "--command" "/opt/ros/foxy/bin/ament_cppcheck" "--xunit-file" "/home/emine/ros2_ws/build/examples_rclcpp_minimal_composition/test_results/examples_rclcpp_minimal_composition/cppcheck.xunit.xml" "--include_dirs" "/home/emine/ros2_ws/src/examples/rclcpp/composition/minimal_composition/include"</Value>
				</NamedMeasurement>
				<Measurement>
					<Value>-- run_test.py: invoking following command in '/home/emine/ros2_ws/src/examples/rclcpp/composition/minimal_composition':
 - /opt/ros/foxy/bin/ament_cppcheck --xunit-file /home/emine/ros2_ws/build/examples_rclcpp_minimal_composition/test_results/examples_rclcpp_minimal_composition/cppcheck.xunit.xml --include_dirs /home/emine/ros2_ws/src/examples/rclcpp/composition/minimal_composition/include
No problems found
-- run_test.py: return code 0
-- run_test.py: verify result file '/home/emine/ros2_ws/build/examples_rclcpp_minimal_composition/test_results/examples_rclcpp_minimal_composition/cppcheck.xunit.xml'
</Value>
				</Measurement>
			</Results>
			<Labels>
				<Label>cppcheck</Label>
				<Label>linter</Label>
			</Labels>
		</Test>
		<Test Status="passed">
			<Name>cpplint</Name>
			<Path>.</Path>
			<FullName>./cpplint</FullName>
			<FullCommandLine>/usr/bin/python3 "-u" "/opt/ros/foxy/share/ament_cmake_test/cmake/run_test.py" "/home/emine/ros2_ws/build/examples_rclcpp_minimal_composition/test_results/examples_rclcpp_minimal_composition/cpplint.xunit.xml" "--package-name" "examples_rclcpp_minimal_composition" "--output-file" "/home/emine/ros2_ws/build/examples_rclcpp_minimal_composition/ament_cpplint/cpplint.txt" "--command" "/opt/ros/foxy/bin/ament_cpplint" "--xunit-file" "/home/emine/ros2_ws/build/examples_rclcpp_minimal_composition/test_results/examples_rclcpp_minimal_composition/cpplint.xunit.xml"</FullCommandLine>
			<Results>
				<NamedMeasurement type="numeric/double" name="Execution Time">
					<Value>0.479998</Value>
				</NamedMeasurement>
				<NamedMeasurement type="numeric/double" name="Processors">
					<Value>1</Value>
				</NamedMeasurement>
				<NamedMeasurement type="text/string" name="Completion Status">
					<Value>Completed</Value>
				</NamedMeasurement>
				<NamedMeasurement type="text/string" name="Command Line">
					<Value>/usr/bin/python3 "-u" "/opt/ros/foxy/share/ament_cmake_test/cmake/run_test.py" "/home/emine/ros2_ws/build/examples_rclcpp_minimal_composition/test_results/examples_rclcpp_minimal_composition/cpplint.xunit.xml" "--package-name" "examples_rclcpp_minimal_composition" "--output-file" "/home/emine/ros2_ws/build/examples_rclcpp_minimal_composition/ament_cpplint/cpplint.txt" "--command" "/opt/ros/foxy/bin/ament_cpplint" "--xunit-file" "/home/emine/ros2_ws/build/examples_rclcpp_minimal_composition/test_results/examples_rclcpp_minimal_composition/cpplint.xunit.xml"</Value>
				</NamedMeasurement>
				<Measurement>
					<Value>-- run_test.py: invoking following command in '/home/emine/ros2_ws/src/examples/rclcpp/composition/minimal_composition':
 - /opt/ros/foxy/bin/ament_cpplint --xunit-file /home/emine/ros2_ws/build/examples_rclcpp_minimal_composition/test_results/examples_rclcpp_minimal_composition/cpplint.xunit.xml
Using '--root=/home/emine/ros2_ws/src/examples/rclcpp/composition/minimal_composition/include' argument

Done processing /home/emine/ros2_ws/src/examples/rclcpp/composition/minimal_composition/include/minimal_composition/publisher_node.hpp

Done processing /home/emine/ros2_ws/src/examples/rclcpp/composition/minimal_composition/include/minimal_composition/subscriber_node.hpp

Done processing /home/emine/ros2_ws/src/examples/rclcpp/composition/minimal_composition/include/minimal_composition/visibility.h

Using '--root=/home/emine/ros2_ws/src/examples/rclcpp/composition/minimal_composition/src' argument

Done processing /home/emine/ros2_ws/src/examples/rclcpp/composition/minimal_composition/src/composed.cpp

Done processing /home/emine/ros2_ws/src/examples/rclcpp/composition/minimal_composition/src/publisher_node.cpp

Done processing /home/emine/ros2_ws/src/examples/rclcpp/composition/minimal_composition/src/standalone_publisher.cpp

Done processing /home/emine/ros2_ws/src/examples/rclcpp/composition/minimal_composition/src/standalone_subscriber.cpp

Done processing /home/emine/ros2_ws/src/examples/rclcpp/composition/minimal_composition/src/subscriber_node.cpp

No problems found
-- run_test.py: return code 0
-- run_test.py: verify result file '/home/emine/ros2_ws/build/examples_rclcpp_minimal_composition/test_results/examples_rclcpp_minimal_composition/cpplint.xunit.xml'
</Value>
				</Measurement>
			</Results>
			<Labels>
				<Label>cpplint</Label>
				<Label>linter</Label>
			</Labels>
		</Test>
		<Test Status="passed">
			<Name>lint_cmake</Name>
			<Path>.</Path>
			<FullName>./lint_cmake</FullName>
			<FullCommandLine>/usr/bin/python3 "-u" "/opt/ros/foxy/share/ament_cmake_test/cmake/run_test.py" "/home/emine/ros2_ws/build/examples_rclcpp_minimal_composition/test_results/examples_rclcpp_minimal_composition/lint_cmake.xunit.xml" "--package-name" "examples_rclcpp_minimal_composition" "--output-file" "/home/emine/ros2_ws/build/examples_rclcpp_minimal_composition/ament_lint_cmake/lint_cmake.txt" "--command" "/opt/ros/foxy/bin/ament_lint_cmake" "--xunit-file" "/home/emine/ros2_ws/build/examples_rclcpp_minimal_composition/test_results/examples_rclcpp_minimal_composition/lint_cmake.xunit.xml"</FullCommandLine>
			<Results>
				<NamedMeasurement type="numeric/double" name="Execution Time">
					<Value>0.298855</Value>
				</NamedMeasurement>
				<NamedMeasurement type="numeric/double" name="Processors">
					<Value>1</Value>
				</NamedMeasurement>
				<NamedMeasurement type="text/string" name="Completion Status">
					<Value>Completed</Value>
				</NamedMeasurement>
				<NamedMeasurement type="text/string" name="Command Line">
					<Value>/usr/bin/python3 "-u" "/opt/ros/foxy/share/ament_cmake_test/cmake/run_test.py" "/home/emine/ros2_ws/build/examples_rclcpp_minimal_composition/test_results/examples_rclcpp_minimal_composition/lint_cmake.xunit.xml" "--package-name" "examples_rclcpp_minimal_composition" "--output-file" "/home/emine/ros2_ws/build/examples_rclcpp_minimal_composition/ament_lint_cmake/lint_cmake.txt" "--command" "/opt/ros/foxy/bin/ament_lint_cmake" "--xunit-file" "/home/emine/ros2_ws/build/examples_rclcpp_minimal_composition/test_results/examples_rclcpp_minimal_composition/lint_cmake.xunit.xml"</Value>
				</NamedMeasurement>
				<Measurement>
					<Value>-- run_test.py: invoking following command in '/home/emine/ros2_ws/src/examples/rclcpp/composition/minimal_composition':
 - /opt/ros/foxy/bin/ament_lint_cmake --xunit-file /home/emine/ros2_ws/build/examples_rclcpp_minimal_composition/test_results/examples_rclcpp_minimal_composition/lint_cmake.xunit.xml

No problems found
-- run_test.py: return code 0
-- run_test.py: verify result file '/home/emine/ros2_ws/build/examples_rclcpp_minimal_composition/test_results/examples_rclcpp_minimal_composition/lint_cmake.xunit.xml'
</Value>
				</Measurement>
			</Results>
			<Labels>
				<Label>lint_cmake</Label>
				<Label>linter</Label>
			</Labels>
		</Test>
		<Test Status="passed">
			<Name>uncrustify</Name>
			<Path>.</Path>
			<FullName>./uncrustify</FullName>
			<FullCommandLine>/usr/bin/python3 "-u" "/opt/ros/foxy/share/ament_cmake_test/cmake/run_test.py" "/home/emine/ros2_ws/build/examples_rclcpp_minimal_composition/test_results/examples_rclcpp_minimal_composition/uncrustify.xunit.xml" "--package-name" "examples_rclcpp_minimal_composition" "--output-file" "/home/emine/ros2_ws/build/examples_rclcpp_minimal_composition/ament_uncrustify/uncrustify.txt" "--command" "/opt/ros/foxy/bin/ament_uncrustify" "--xunit-file" "/home/emine/ros2_ws/build/examples_rclcpp_minimal_composition/test_results/examples_rclcpp_minimal_composition/uncrustify.xunit.xml"</FullCommandLine>
			<Results>
				<NamedMeasurement type="numeric/double" name="Execution Time">
					<Value>0.29097</Value>
				</NamedMeasurement>
				<NamedMeasurement type="numeric/double" name="Processors">
					<Value>1</Value>
				</NamedMeasurement>
				<NamedMeasurement type="text/string" name="Completion Status">
					<Value>Completed</Value>
				</NamedMeasurement>
				<NamedMeasurement type="text/string" name="Command Line">
					<Value>/usr/bin/python3 "-u" "/opt/ros/foxy/share/ament_cmake_test/cmake/run_test.py" "/home/emine/ros2_ws/build/examples_rclcpp_minimal_composition/test_results/examples_rclcpp_minimal_composition/uncrustify.xunit.xml" "--package-name" "examples_rclcpp_minimal_composition" "--output-file" "/home/emine/ros2_ws/build/examples_rclcpp_minimal_composition/ament_uncrustify/uncrustify.txt" "--command" "/opt/ros/foxy/bin/ament_uncrustify" "--xunit-file" "/home/emine/ros2_ws/build/examples_rclcpp_minimal_composition/test_results/examples_rclcpp_minimal_composition/uncrustify.xunit.xml"</Value>
				</NamedMeasurement>
				<Measurement>
					<Value>-- run_test.py: invoking following command in '/home/emine/ros2_ws/src/examples/rclcpp/composition/minimal_composition':
 - /opt/ros/foxy/bin/ament_uncrustify --xunit-file /home/emine/ros2_ws/build/examples_rclcpp_minimal_composition/test_results/examples_rclcpp_minimal_composition/uncrustify.xunit.xml
No code style divergence in file 'include/minimal_composition/publisher_node.hpp'

No code style divergence in file 'include/minimal_composition/subscriber_node.hpp'

No code style divergence in file 'include/minimal_composition/visibility.h'

No code style divergence in file 'src/composed.cpp'

No code style divergence in file 'src/publisher_node.cpp'

No code style divergence in file 'src/standalone_publisher.cpp'

No code style divergence in file 'src/standalone_subscriber.cpp'

No code style divergence in file 'src/subscriber_node.cpp'

No problems found
-- run_test.py: return code 0
-- run_test.py: verify result file '/home/emine/ros2_ws/build/examples_rclcpp_minimal_composition/test_results/examples_rclcpp_minimal_composition/uncrustify.xunit.xml'
</Value>
				</Measurement>
			</Results>
			<Labels>
				<Label>linter</Label>
				<Label>uncrustify</Label>
			</Labels>
		</Test>
		<Test Status="passed">
			<Name>xmllint</Name>
			<Path>.</Path>
			<FullName>./xmllint</FullName>
			<FullCommandLine>/usr/bin/python3 "-u" "/opt/ros/foxy/share/ament_cmake_test/cmake/run_test.py" "/home/emine/ros2_ws/build/examples_rclcpp_minimal_composition/test_results/examples_rclcpp_minimal_composition/xmllint.xunit.xml" "--package-name" "examples_rclcpp_minimal_composition" "--output-file" "/home/emine/ros2_ws/build/examples_rclcpp_minimal_composition/ament_xmllint/xmllint.txt" "--command" "/opt/ros/foxy/bin/ament_xmllint" "--xunit-file" "/home/emine/ros2_ws/build/examples_rclcpp_minimal_composition/test_results/examples_rclcpp_minimal_composition/xmllint.xunit.xml"</FullCommandLine>
			<Results>
				<NamedMeasurement type="numeric/double" name="Execution Time">
					<Value>1.37885</Value>
				</NamedMeasurement>
				<NamedMeasurement type="numeric/double" name="Processors">
					<Value>1</Value>
				</NamedMeasurement>
				<NamedMeasurement type="text/string" name="Completion Status">
					<Value>Completed</Value>
				</NamedMeasurement>
				<NamedMeasurement type="text/string" name="Command Line">
					<Value>/usr/bin/python3 "-u" "/opt/ros/foxy/share/ament_cmake_test/cmake/run_test.py" "/home/emine/ros2_ws/build/examples_rclcpp_minimal_composition/test_results/examples_rclcpp_minimal_composition/xmllint.xunit.xml" "--package-name" "examples_rclcpp_minimal_composition" "--output-file" "/home/emine/ros2_ws/build/examples_rclcpp_minimal_composition/ament_xmllint/xmllint.txt" "--command" "/opt/ros/foxy/bin/ament_xmllint" "--xunit-file" "/home/emine/ros2_ws/build/examples_rclcpp_minimal_composition/test_results/examples_rclcpp_minimal_composition/xmllint.xunit.xml"</Value>
				</NamedMeasurement>
				<Measurement>
					<Value>-- run_test.py: invoking following command in '/home/emine/ros2_ws/src/examples/rclcpp/composition/minimal_composition':
 - /opt/ros/foxy/bin/ament_xmllint --xunit-file /home/emine/ros2_ws/build/examples_rclcpp_minimal_composition/test_results/examples_rclcpp_minimal_composition/xmllint.xunit.xml
File 'package.xml' is valid

No problems found
-- run_test.py: return code 0
-- run_test.py: verify result file '/home/emine/ros2_ws/build/examples_rclcpp_minimal_composition/test_results/examples_rclcpp_minimal_composition/xmllint.xunit.xml'
</Value>
				</Measurement>
			</Results>
			<Labels>
				<Label>linter</Label>
				<Label>xmllint</Label>
			</Labels>
		</Test>
		<EndDateTime>Dec 16 00:15 +03</EndDateTime>
		<EndTestTime>1702674951</EndTestTime>
		<ElapsedMinutes>0</ElapsedMinutes>
	</Testing>
</Site>
